<?xml version="1.0" encoding="UTF-8"?>
<!-- Generated by org.testng.reporters.JUnitReportReporter -->
<testsuite skipped="0" hostname="DTW7BANGAT24" name="testing.TestCase1" tests="2" failures="0" timestamp="21 Feb 2018 12:20:13 GMT" time="0.008" errors="0">
  <testcase name="sendingmail" time="0.008" classname="testing.TestCase1"/>
  <testcase name="save_in_Draft" time="0.000" classname="testing.TestCase1"/>
</testsuite> <!-- testing.TestCase1 -->
