<?xml version="1.0" encoding="UTF-8"?>
<!-- Generated by org.testng.reporters.JUnitReportReporter -->
<testsuite skipped="0" hostname="DTW7BANGAT24" name="com.VIPS.test.orderreleasing" tests="1" failures="0" timestamp="28 Feb 2018 06:24:09 GMT" time="48.714" errors="0">
  <testcase name="order_page" time="48.714" classname="com.VIPS.test.orderreleasing"/>
</testsuite> <!-- com.VIPS.test.orderreleasing -->
