<?xml version="1.0" encoding="UTF-8"?>
<!-- Generated by org.testng.reporters.JUnitReportReporter -->
<testsuite skipped="0" hostname="DTW7BANGAT24" name="testing.TestCase2" tests="3" failures="0" timestamp="21 Feb 2018 09:58:57 GMT" time="0.010" errors="0">
  <testcase name="skip" time="0.001" classname="testing.TestCase2"/>
  <testcase name="loginTest" time="0.008" classname="testing.TestCase2"/>
  <testcase name="lagout" time="0.001" classname="testing.TestCase2"/>
</testsuite> <!-- testing.TestCase2 -->
