<?xml version="1.0" encoding="UTF-8"?>
<!-- Generated by org.testng.reporters.JUnitReportReporter -->
<testsuite skipped="0" hostname="DTW7BANGAT24" name="testing.ppppp" tests="1" failures="0" timestamp="20 Feb 2018 15:04:07 GMT" time="7.972" errors="0">
  <testcase name="login" time="7.972" classname="testing.ppppp"/>
</testsuite> <!-- testing.ppppp -->
